
**** Build of configuration Debug for project CCS Library ****

"C:\\ti\\ccs1040\\ccs\\utils\\bin\\gmake" -k -j 8 all -O 
 
Building file: "../Array_Sorter.c"
Invoking: Arm Compiler
"C:/ti/ccs1040/ccs/tools/compiler/ti-cgt-arm_20.2.5.LTS/bin/armcl" -mv7M4 --code_state=16 --float_support=FPv4SPD16 -me --include_path="C:/ti/ccs1040/ccs/ccs_base/arm/include" --include_path="C:/ti/ccs1040/ccs/ccs_base/arm/include/CMSIS" --include_path="C:/Users/samde/OneDrive/Desktop/School/Y2/Y2S2/226 227 Microcontroller/Lab/CCS/CCS Library" --include_path="C:/ti/ccs1040/ccs/tools/compiler/ti-cgt-arm_20.2.5.LTS/include" --advice:power=all --define=__MSP432P401R__ --define=ccs -g --gcc --diag_warning=225 --diag_wrap=off --display_error_number --abi=eabi --preproc_with_compile --preproc_dependency="Array_Sorter.d_raw"  "../Array_Sorter.c"
 
>> Compilation failure
subdir_rules.mk:9: recipe for target 'Array_Sorter.obj' failed
"../Array_Sorter.c", line 34: error #121: return value type does not match the function type
"../Array_Sorter.c", line 20: warning #552-D: variable "temp" was set but never used
1 error detected in the compilation of "../Array_Sorter.c".
gmake: *** [Array_Sorter.obj] Error 1
Building file: "../delay.c"
Invoking: Arm Compiler
"C:/ti/ccs1040/ccs/tools/compiler/ti-cgt-arm_20.2.5.LTS/bin/armcl" -mv7M4 --code_state=16 --float_support=FPv4SPD16 -me --include_path="C:/ti/ccs1040/ccs/ccs_base/arm/include" --include_path="C:/ti/ccs1040/ccs/ccs_base/arm/include/CMSIS" --include_path="C:/Users/samde/OneDrive/Desktop/School/Y2/Y2S2/226 227 Microcontroller/Lab/CCS/CCS Library" --include_path="C:/ti/ccs1040/ccs/tools/compiler/ti-cgt-arm_20.2.5.LTS/include" --advice:power=all --define=__MSP432P401R__ --define=ccs -g --gcc --diag_warning=225 --diag_wrap=off --display_error_number --abi=eabi --preproc_with_compile --preproc_dependency="delay.d_raw"  "../delay.c"
 
>> Compilation failure
subdir_rules.mk:9: recipe for target 'delay.obj' failed
"../delay.c", line 16: error #20: identifier "i" is undefined
"../delay.c", line 17: remark #1527-D: (ULP 2.1) Detected SW delay loop using __delay_cycles. Recommend using a timer module instead
1 error detected in the compilation of "../delay.c".
gmake: *** [delay.obj] Error 1
Building file: "../timerA_interrupt.c"
Invoking: Arm Compiler
"C:/ti/ccs1040/ccs/tools/compiler/ti-cgt-arm_20.2.5.LTS/bin/armcl" -mv7M4 --code_state=16 --float_support=FPv4SPD16 -me --include_path="C:/ti/ccs1040/ccs/ccs_base/arm/include" --include_path="C:/ti/ccs1040/ccs/ccs_base/arm/include/CMSIS" --include_path="C:/Users/samde/OneDrive/Desktop/School/Y2/Y2S2/226 227 Microcontroller/Lab/CCS/CCS Library" --include_path="C:/ti/ccs1040/ccs/tools/compiler/ti-cgt-arm_20.2.5.LTS/include" --advice:power=all --define=__MSP432P401R__ --define=ccs -g --gcc --diag_warning=225 --diag_wrap=off --display_error_number --abi=eabi --preproc_with_compile --preproc_dependency="timerA_interrupt.d_raw"  "../timerA_interrupt.c"
 
>> Compilation failure
subdir_rules.mk:9: recipe for target 'timerA_interrupt.obj' failed
"../timerA_interrupt.c", line 16: error #20: identifier "motorPort" is undefined
"../timerA_interrupt.c", line 16: error #20: identifier "motorBit" is undefined
"../timerA_interrupt.c", line 26: error #7: unrecognized token
"../timerA_interrupt.c", line 26: error #29: expected an expression
"../timerA_interrupt.c", line 32: error #20: identifier "motorPort" is undefined
"../timerA_interrupt.c", line 32: error #20: identifier "motorBit" is undefined
"../timerA_interrupt.c", line 33: error #143: expression must have pointer-to-object type
"../timerA_interrupt.c", line 33: error #20: identifier "TIMER_A_CTL_TAIFG" is undefined
8 errors detected in the compilation of "../timerA_interrupt.c".
gmake: *** [timerA_interrupt.obj] Error 1
gmake: Target 'all' not remade because of errors.

**** Build Finished ****
