
**** Build of configuration Debug for project EGR227_Lab11_Part1 ****

"C:\\ti\\ccs1040\\ccs\\utils\\bin\\gmake" -k -j 8 all -O 
 
Building file: "../EGR227_Lab11_Part1.c"
Invoking: Arm Compiler
"C:/ti/ccs1040/ccs/tools/compiler/ti-cgt-arm_20.2.6.LTS/bin/armcl" -mv7M4 --code_state=16 --float_support=FPv4SPD16 -me --include_path="C:/ti/ccs1040/ccs/ccs_base/arm/include" --include_path="C:/ti/ccs1040/ccs/ccs_base/arm/include/CMSIS" --include_path="C:/Users/samde/OneDrive/Desktop/School/Y2/Y2S2/226 227 Microcontroller/Lab/CCS/EGR227_Lab11_Part1" --include_path="C:/ti/ccs1040/ccs/tools/compiler/ti-cgt-arm_20.2.6.LTS/include" --advice:power=all --define=__MSP432P401R__ --define=ccs -g --gcc --diag_warning=225 --diag_wrap=off --display_error_number --abi=eabi --preproc_with_compile --preproc_dependency="EGR227_Lab11_Part1.d_raw"  "../EGR227_Lab11_Part1.c"
 
>> Compilation failure
subdir_rules.mk:9: recipe for target 'EGR227_Lab11_Part1.obj' failed
"../EGR227_Lab11_Part1.c", line 16: fatal error #1965: cannot open source file "IR.h"
1 catastrophic error detected in the compilation of "../EGR227_Lab11_Part1.c".
Compilation terminated.
gmake: *** [EGR227_Lab11_Part1.obj] Error 1
Building file: "../IR_part1.c"
Invoking: Arm Compiler
"C:/ti/ccs1040/ccs/tools/compiler/ti-cgt-arm_20.2.6.LTS/bin/armcl" -mv7M4 --code_state=16 --float_support=FPv4SPD16 -me --include_path="C:/ti/ccs1040/ccs/ccs_base/arm/include" --include_path="C:/ti/ccs1040/ccs/ccs_base/arm/include/CMSIS" --include_path="C:/Users/samde/OneDrive/Desktop/School/Y2/Y2S2/226 227 Microcontroller/Lab/CCS/EGR227_Lab11_Part1" --include_path="C:/ti/ccs1040/ccs/tools/compiler/ti-cgt-arm_20.2.6.LTS/include" --advice:power=all --define=__MSP432P401R__ --define=ccs -g --gcc --diag_warning=225 --diag_wrap=off --display_error_number --abi=eabi --preproc_with_compile --preproc_dependency="IR_part1.d_raw"  "../IR_part1.c"
 
>> Compilation failure
subdir_rules.mk:9: recipe for target 'IR_part1.obj' failed
"../IR_part1.c", line 12: fatal error #1965: cannot open source file "IR.h"
1 catastrophic error detected in the compilation of "../IR_part1.c".
Compilation terminated.
gmake: *** [IR_part1.obj] Error 1
gmake: Target 'all' not remade because of errors.

**** Build Finished ****
