
**** Build of configuration Debug for project EGR326_Lab2_Part1 ****

"C:\\ti\\ccs1040\\ccs\\utils\\bin\\gmake" -k -j 8 all -O 
 
Building file: "../GPIO_Interrupt.c"
Invoking: Arm Compiler
"C:/ti/ccs1040/ccs/tools/compiler/ti-cgt-arm_20.2.7.LTS/bin/armcl" -mv7M4 --code_state=16 --float_support=FPv4SPD16 -me --include_path="C:/ti/ccs1040/ccs/ccs_base/arm/include" --include_path="C:/ti/ccs1040/ccs/ccs_base/arm/include/CMSIS" --include_path="C:/Users/samde/OneDrive/Desktop/EGR 326/Lab/CCS/EGR326_Lab2_Part1" --include_path="C:/ti/ccs1040/ccs/tools/compiler/ti-cgt-arm_20.2.7.LTS/include" --advice:power=all --define=__MSP432P401R__ --define=ccs -g --gcc --diag_warning=225 --diag_wrap=off --display_error_number --abi=eabi --preproc_with_compile --preproc_dependency="GPIO_Interrupt.d_raw"  "../GPIO_Interrupt.c"
 
>> Compilation failure
subdir_rules.mk:9: recipe for target 'GPIO_Interrupt.obj' failed
"../GPIO_Interrupt.c", line 21: warning #225-D: function "debounce_sw1_press" declared implicitly
"../GPIO_Interrupt.c", line 26: warning #225-D: function "debounce_sw2_press" declared implicitly
"../GPIO_Interrupt.c", line 35: error #20: identifier "S1" is undefined
1 error detected in the compilation of "../GPIO_Interrupt.c".
gmake: *** [GPIO_Interrupt.obj] Error 1
Building file: "../EGR326_Lab2_Part1.c"
Invoking: Arm Compiler
"C:/ti/ccs1040/ccs/tools/compiler/ti-cgt-arm_20.2.7.LTS/bin/armcl" -mv7M4 --code_state=16 --float_support=FPv4SPD16 -me --include_path="C:/ti/ccs1040/ccs/ccs_base/arm/include" --include_path="C:/ti/ccs1040/ccs/ccs_base/arm/include/CMSIS" --include_path="C:/Users/samde/OneDrive/Desktop/EGR 326/Lab/CCS/EGR326_Lab2_Part1" --include_path="C:/ti/ccs1040/ccs/tools/compiler/ti-cgt-arm_20.2.7.LTS/include" --advice:power=all --define=__MSP432P401R__ --define=ccs -g --gcc --diag_warning=225 --diag_wrap=off --display_error_number --abi=eabi --preproc_with_compile --preproc_dependency="EGR326_Lab2_Part1.d_raw"  "../EGR326_Lab2_Part1.c"
Finished building: "../EGR326_Lab2_Part1.c"
 
gmake: Target 'all' not remade because of errors.

**** Build Finished ****
